IntelliChef/app/build/outputs/logs/manifest-merger-debug-report.txt
-- Merging decision tree log ---
manifest
ADDED from src\main\AndroidManifest.xml:2:1-53:12
INJECTED from src\main\AndroidManifest.xml:2:1-53:12
INJECTED from src\main\AndroidManifest.xml:2:1-53:12
INJECTED from src\main\AndroidManifest.xml:2:1-53:12
MERGED from [com.amazonaws:aws-android-sdk-mobile-client:2.6.18] AndroidManifest.xml:2:1-6:12
MERGED from [com.amazonaws:aws-android-sdk-auth-userpools:2.6.18] AndroidManifest.xml:2:1-21:80
MERGED from [com.amazonaws:aws-android-sdk-auth-ui:2.6.18] AndroidManifest.xml:2:1-10:80
MERGED from [com.amazonaws:aws-android-sdk-auth-core:2.6.18] AndroidManifest.xml:2:1-4:80
MERGED from [com.android.support:design:26.1.0] AndroidManifest.xml:17:1-31:12
MERGED from [com.android.support:transition:26.1.0] AndroidManifest.xml:17:1-28:12
MERGED from [com.android.support:appcompat-v7:26.1.0] AndroidManifest.xml:17:1-31:12
MERGED from [com.android.support:support-v4:26.1.0] AndroidManifest.xml:17:1-31:12
MERGED from [com.android.support.constraint:constraint-layout:1.1.0] AndroidManifest.xml:2:1-11:12
MERGED from [com.android.support:recyclerview-v7:26.1.0] AndroidManifest.xml:17:1-28:12
MERGED from [com.android.support:animated-vector-drawable:26.1.0] AndroidManifest.xml:17:1-28:12
MERGED from [com.android.support:support-fragment:26.1.0] AndroidManifest.xml:17:1-31:12
MERGED from [com.android.support:support-core-ui:26.1.0] AndroidManifest.xml:17:1-31:12
MERGED from [com.android.support:support-vector-drawable:26.1.0] AndroidManifest.xml:17:1-28:12
MERGED from [com.android.support:support-media-compat:26.1.0] AndroidManifest.xml:17:1-31:12
MERGED from [com.android.support:support-core-utils:26.1.0] AndroidManifest.xml:17:1-31:12
MERGED from [com.android.support:support-compat:26.1.0] AndroidManifest.xml:17:1-31:12
MERGED from [android.arch.lifecycle:runtime:1.0.0] AndroidManifest.xml:17:1-30:12
INJECTED from src\main\AndroidManifest.xml:2:1-53:12
INJECTED from src\main\AndroidManifest.xml:2:1-53:12
INJECTED from src\main\AndroidManifest.xml:2:1-53:12
	package
		ADDED from src\main\AndroidManifest.xml:3:5-45
		INJECTED from src\main\AndroidManifest.xml
		INJECTED from src\main\AndroidManifest.xml
	android:versionName
		INJECTED from src\main\AndroidManifest.xml
		ADDED from src\main\AndroidManifest.xml:2:1-53:12
		INJECTED from src\main\AndroidManifest.xml
	android:versionCode
		INJECTED from src\main\AndroidManifest.xml
		ADDED from src\main\AndroidManifest.xml:2:1-53:12
		INJECTED from src\main\AndroidManifest.xml
	xmlns:android
		ADDED from src\main\AndroidManifest.xml:2:11-69
uses-permission#android.permission.INTERNET
ADDED from src\main\AndroidManifest.xml:5:5-67
MERGED from [com.amazonaws:aws-android-sdk-auth-userpools:2.6.18] AndroidManifest.xml:4:5-66
MERGED from [com.amazonaws:aws-android-sdk-auth-userpools:2.6.18] AndroidManifest.xml:4:5-66
MERGED from [com.amazonaws:aws-android-sdk-auth-ui:2.6.18] AndroidManifest.xml:4:5-66
MERGED from [com.amazonaws:aws-android-sdk-auth-ui:2.6.18] AndroidManifest.xml:4:5-66
	android:name
		ADDED from src\main\AndroidManifest.xml:5:22-64
uses-permission#android.permission.ACCESS_NETWORK_STATE
ADDED from src\main\AndroidManifest.xml:6:5-79
MERGED from [com.amazonaws:aws-android-sdk-auth-userpools:2.6.18] AndroidManifest.xml:5:5-78
MERGED from [com.amazonaws:aws-android-sdk-auth-userpools:2.6.18] AndroidManifest.xml:5:5-78
MERGED from [com.amazonaws:aws-android-sdk-auth-ui:2.6.18] AndroidManifest.xml:5:5-78
MERGED from [com.amazonaws:aws-android-sdk-auth-ui:2.6.18] AndroidManifest.xml:5:5-78
	android:name
		ADDED from src\main\AndroidManifest.xml:6:22-76
uses-permission#android.permission.WRITE_EXTERNAL_STORAGE
ADDED from src\main\AndroidManifest.xml:7:5-81
	android:name
		ADDED from src\main\AndroidManifest.xml:7:22-78
uses-permission#android.permission.READ_EXTERNAL_STORAGE
ADDED from src\main\AndroidManifest.xml:8:5-80
	android:name
		ADDED from src\main\AndroidManifest.xml:8:22-77
uses-permission#android.permission.CAMERA
ADDED from src\main\AndroidManifest.xml:9:5-65
	android:name
		ADDED from src\main\AndroidManifest.xml:9:22-62
uses-feature#android.hardware.camera
ADDED from src\main\AndroidManifest.xml:12:5-14:36
	android:required
		ADDED from src\main\AndroidManifest.xml:14:9-33
	android:name
		ADDED from src\main\AndroidManifest.xml:13:9-47
application
ADDED from src\main\AndroidManifest.xml:16:5-51:19
MERGED from [com.amazonaws:aws-android-sdk-auth-userpools:2.6.18] AndroidManifest.xml:8:6-20:20
MERGED from [com.amazonaws:aws-android-sdk-auth-userpools:2.6.18] AndroidManifest.xml:8:6-20:20
MERGED from [com.amazonaws:aws-android-sdk-auth-ui:2.6.18] AndroidManifest.xml:7:5-9:19
MERGED from [com.amazonaws:aws-android-sdk-auth-ui:2.6.18] AndroidManifest.xml:7:5-9:19
MERGED from [com.android.support:design:26.1.0] AndroidManifest.xml:25:5-29:19
MERGED from [com.android.support:design:26.1.0] AndroidManifest.xml:25:5-29:19
MERGED from [com.android.support:transition:26.1.0] AndroidManifest.xml:22:5-26:19
MERGED from [com.android.support:transition:26.1.0] AndroidManifest.xml:22:5-26:19
MERGED from [com.android.support:appcompat-v7:26.1.0] AndroidManifest.xml:25:5-29:19
MERGED from [com.android.support:appcompat-v7:26.1.0] AndroidManifest.xml:25:5-29:19
MERGED from [com.android.support:support-v4:26.1.0] AndroidManifest.xml:25:5-29:19
MERGED from [com.android.support:support-v4:26.1.0] AndroidManifest.xml:25:5-29:19
MERGED from [com.android.support.constraint:constraint-layout:1.1.0] AndroidManifest.xml:9:5-20
MERGED from [com.android.support.constraint:constraint-layout:1.1.0] AndroidManifest.xml:9:5-20
MERGED from [com.android.support:recyclerview-v7:26.1.0] AndroidManifest.xml:22:5-26:19
MERGED from [com.android.support:recyclerview-v7:26.1.0] AndroidManifest.xml:22:5-26:19
MERGED from [com.android.support:animated-vector-drawable:26.1.0] AndroidManifest.xml:22:5-26:19
MERGED from [com.android.support:animated-vector-drawable:26.1.0] AndroidManifest.xml:22:5-26:19
MERGED from [com.android.support:support-fragment:26.1.0] AndroidManifest.xml:25:5-29:19
MERGED from [com.android.support:support-fragment:26.1.0] AndroidManifest.xml:25:5-29:19
MERGED from [com.android.support:support-core-ui:26.1.0] AndroidManifest.xml:25:5-29:19
MERGED from [com.android.support:support-core-ui:26.1.0] AndroidManifest.xml:25:5-29:19
MERGED from [com.android.support:support-vector-drawable:26.1.0] AndroidManifest.xml:22:5-26:19
MERGED from [com.android.support:support-vector-drawable:26.1.0] AndroidManifest.xml:22:5-26:19
MERGED from [com.android.support:support-media-compat:26.1.0] AndroidManifest.xml:25:5-29:19
MERGED from [com.android.support:support-media-compat:26.1.0] AndroidManifest.xml:25:5-29:19
MERGED from [com.android.support:support-core-utils:26.1.0] AndroidManifest.xml:25:5-29:19
MERGED from [com.android.support:support-core-utils:26.1.0] AndroidManifest.xml:25:5-29:19
MERGED from [com.android.support:support-compat:26.1.0] AndroidManifest.xml:25:5-29:19
MERGED from [com.android.support:support-compat:26.1.0] AndroidManifest.xml:25:5-29:19
MERGED from [android.arch.lifecycle:runtime:1.0.0] AndroidManifest.xml:24:5-28:19
MERGED from [android.arch.lifecycle:runtime:1.0.0] AndroidManifest.xml:24:5-28:19
	android:supportsRtl
		ADDED from src\main\AndroidManifest.xml:21:9-35
	android:label
		ADDED from src\main\AndroidManifest.xml:19:9-41
	android:roundIcon
		ADDED from src\main\AndroidManifest.xml:20:9-54
	android:icon
		ADDED from src\main\AndroidManifest.xml:18:9-43
	android:allowBackup
		ADDED from src\main\AndroidManifest.xml:17:9-35
	android:theme
		ADDED from src\main\AndroidManifest.xml:22:9-40
activity#com.example.ankita.intellichef.MainActivity
ADDED from src\main\AndroidManifest.xml:23:9-50
	android:name
		ADDED from src\main\AndroidManifest.xml:23:19-47
service#com.amazonaws.mobileconnectors.s3.transferutility.TransferService
ADDED from src\main\AndroidManifest.xml:25:9-27:38
	android:enabled
		ADDED from src\main\AndroidManifest.xml:27:13-35
	android:name
		ADDED from src\main\AndroidManifest.xml:26:13-93
activity#com.example.ankita.intellichef.ImageDisplay
ADDED from src\main\AndroidManifest.xml:29:9-50
	android:name
		ADDED from src\main\AndroidManifest.xml:29:19-47
activity#com.example.ankita.intellichef.uploadS3
ADDED from src\main\AndroidManifest.xml:30:9-46
	android:name
		ADDED from src\main\AndroidManifest.xml:30:19-43
activity#com.example.ankita.intellichef.AuthenticatorActivity
ADDED from src\main\AndroidManifest.xml:31:9-40:20
	android:label
		ADDED from src\main\AndroidManifest.xml:33:13-65
	android:theme
		ADDED from src\main\AndroidManifest.xml:34:13-56
	android:name
		ADDED from src\main\AndroidManifest.xml:32:13-50
intent-filter#android.intent.action.MAIN+android.intent.category.LAUNCHER
ADDED from src\main\AndroidManifest.xml:35:13-39:29
action#android.intent.action.MAIN
ADDED from src\main\AndroidManifest.xml:36:17-69
	android:name
		ADDED from src\main\AndroidManifest.xml:36:25-66
category#android.intent.category.LAUNCHER
ADDED from src\main\AndroidManifest.xml:38:17-77
	android:name
		ADDED from src\main\AndroidManifest.xml:38:27-74
activity#com.example.ankita.intellichef.ingredients
ADDED from src\main\AndroidManifest.xml:41:9-44:59
	android:label
		ADDED from src\main\AndroidManifest.xml:43:13-63
	android:theme
		ADDED from src\main\AndroidManifest.xml:44:13-56
	android:name
		ADDED from src\main\AndroidManifest.xml:42:13-40
activity#com.example.ankita.intellichef.recipeDisplay
ADDED from src\main\AndroidManifest.xml:45:9-48:68
	android:label
		ADDED from src\main\AndroidManifest.xml:47:13-66
	android:theme
		ADDED from src\main\AndroidManifest.xml:48:13-56
	android:name
		ADDED from src\main\AndroidManifest.xml:46:13-42
activity#com.example.ankita.intellichef.WebViewPage
ADDED from src\main\AndroidManifest.xml:50:5-54
	android:name
		ADDED from src\main\AndroidManifest.xml:50:15-42
uses-sdk
INJECTED from src\main\AndroidManifest.xml reason: use-sdk injection requested
INJECTED from src\main\AndroidManifest.xml
INJECTED from src\main\AndroidManifest.xml
MERGED from [com.amazonaws:aws-android-sdk-mobile-client:2.6.18] AndroidManifest.xml:4:5-73
MERGED from [com.amazonaws:aws-android-sdk-mobile-client:2.6.18] AndroidManifest.xml:4:5-73
MERGED from [com.amazonaws:aws-android-sdk-auth-userpools:2.6.18] AndroidManifest.xml:21:1-69
MERGED from [com.amazonaws:aws-android-sdk-auth-userpools:2.6.18] AndroidManifest.xml:21:1-69
MERGED from [com.amazonaws:aws-android-sdk-auth-ui:2.6.18] AndroidManifest.xml:10:1-69
MERGED from [com.amazonaws:aws-android-sdk-auth-ui:2.6.18] AndroidManifest.xml:10:1-69
MERGED from [com.amazonaws:aws-android-sdk-auth-core:2.6.18] AndroidManifest.xml:4:1-69
MERGED from [com.amazonaws:aws-android-sdk-auth-core:2.6.18] AndroidManifest.xml:4:1-69
MERGED from [com.android.support:design:26.1.0] AndroidManifest.xml:21:5-23:62
MERGED from [com.android.support:design:26.1.0] AndroidManifest.xml:21:5-23:62
MERGED from [com.android.support:transition:26.1.0] AndroidManifest.xml:20:5-44
MERGED from [com.android.support:transition:26.1.0] AndroidManifest.xml:20:5-44
MERGED from [com.android.support:appcompat-v7:26.1.0] AndroidManifest.xml:21:5-23:78
MERGED from [com.android.support:appcompat-v7:26.1.0] AndroidManifest.xml:21:5-23:78
MERGED from [com.android.support:support-v4:26.1.0] AndroidManifest.xml:21:5-23:54
MERGED from [com.android.support:support-v4:26.1.0] AndroidManifest.xml:21:5-23:54
MERGED from [com.android.support.constraint:constraint-layout:1.1.0] AndroidManifest.xml:5:5-7:41
MERGED from [com.android.support.constraint:constraint-layout:1.1.0] AndroidManifest.xml:5:5-7:41
MERGED from [com.android.support:recyclerview-v7:26.1.0] AndroidManifest.xml:20:5-44
MERGED from [com.android.support:recyclerview-v7:26.1.0] AndroidManifest.xml:20:5-44
MERGED from [com.android.support:animated-vector-drawable:26.1.0] AndroidManifest.xml:20:5-44
MERGED from [com.android.support:animated-vector-drawable:26.1.0] AndroidManifest.xml:20:5-44
MERGED from [com.android.support:support-fragment:26.1.0] AndroidManifest.xml:21:5-23:60
MERGED from [com.android.support:support-fragment:26.1.0] AndroidManifest.xml:21:5-23:60
MERGED from [com.android.support:support-core-ui:26.1.0] AndroidManifest.xml:21:5-23:58
MERGED from [com.android.support:support-core-ui:26.1.0] AndroidManifest.xml:21:5-23:58
MERGED from [com.android.support:support-vector-drawable:26.1.0] AndroidManifest.xml:20:5-44
MERGED from [com.android.support:support-vector-drawable:26.1.0] AndroidManifest.xml:20:5-44
MERGED from [com.android.support:support-media-compat:26.1.0] AndroidManifest.xml:21:5-23:63
MERGED from [com.android.support:support-media-compat:26.1.0] AndroidManifest.xml:21:5-23:63
MERGED from [com.android.support:support-core-utils:26.1.0] AndroidManifest.xml:21:5-23:61
MERGED from [com.android.support:support-core-utils:26.1.0] AndroidManifest.xml:21:5-23:61
MERGED from [com.android.support:support-compat:26.1.0] AndroidManifest.xml:21:5-23:58
MERGED from [com.android.support:support-compat:26.1.0] AndroidManifest.xml:21:5-23:58
MERGED from [android.arch.lifecycle:runtime:1.0.0] AndroidManifest.xml:20:5-22:41
MERGED from [android.arch.lifecycle:runtime:1.0.0] AndroidManifest.xml:20:5-22:41
INJECTED from src\main\AndroidManifest.xml
INJECTED from src\main\AndroidManifest.xml
	tools:overrideLibrary
		ADDED from [com.android.support:design:26.1.0] AndroidManifest.xml:23:9-59
	android:targetSdkVersion
		INJECTED from src\main\AndroidManifest.xml
		ADDED from src\main\AndroidManifest.xml
		INJECTED from src\main\AndroidManifest.xml
	android:minSdkVersion
		INJECTED from src\main\AndroidManifest.xml
		ADDED from src\main\AndroidManifest.xml
		INJECTED from src\main\AndroidManifest.xml
uses-permission#android.permission.ACCESS_WIFI_STATE
ADDED from [com.amazonaws:aws-android-sdk-auth-userpools:2.6.18] AndroidManifest.xml:6:5-75
	android:name
		ADDED from [com.amazonaws:aws-android-sdk-auth-userpools:2.6.18] AndroidManifest.xml:6:22-73
activity#com.amazonaws.mobile.auth.userpools.ForgotPasswordActivity
ADDED from [com.amazonaws:aws-android-sdk-auth-userpools:2.6.18] AndroidManifest.xml:9:10-10:21
	android:screenOrientation
		ADDED from [com.amazonaws:aws-android-sdk-auth-userpools:2.6.18] AndroidManifest.xml:9:220-256
	android:label
		ADDED from [com.amazonaws:aws-android-sdk-auth-userpools:2.6.18] AndroidManifest.xml:9:91-145
	android:configChanges
		ADDED from [com.amazonaws:aws-android-sdk-auth-userpools:2.6.18] AndroidManifest.xml:9:20-90
	android:name
		ADDED from [com.amazonaws:aws-android-sdk-auth-userpools:2.6.18] AndroidManifest.xml:9:146-219
activity#com.amazonaws.mobile.auth.userpools.SignUpActivity
ADDED from [com.amazonaws:aws-android-sdk-auth-userpools:2.6.18] AndroidManifest.xml:12:10-13:21
	android:screenOrientation
		ADDED from [com.amazonaws:aws-android-sdk-auth-userpools:2.6.18] AndroidManifest.xml:12:204-240
	android:label
		ADDED from [com.amazonaws:aws-android-sdk-auth-userpools:2.6.18] AndroidManifest.xml:12:91-137
	android:configChanges
		ADDED from [com.amazonaws:aws-android-sdk-auth-userpools:2.6.18] AndroidManifest.xml:12:20-90
	android:name
		ADDED from [com.amazonaws:aws-android-sdk-auth-userpools:2.6.18] AndroidManifest.xml:12:138-203
activity#com.amazonaws.mobile.auth.userpools.MFAActivity
ADDED from [com.amazonaws:aws-android-sdk-auth-userpools:2.6.18] AndroidManifest.xml:15:10-16:21
	android:screenOrientation
		ADDED from [com.amazonaws:aws-android-sdk-auth-userpools:2.6.18] AndroidManifest.xml:15:197-233
	android:label
		ADDED from [com.amazonaws:aws-android-sdk-auth-userpools:2.6.18] AndroidManifest.xml:15:91-133
	android:configChanges
		ADDED from [com.amazonaws:aws-android-sdk-auth-userpools:2.6.18] AndroidManifest.xml:15:20-90
	android:name
		ADDED from [com.amazonaws:aws-android-sdk-auth-userpools:2.6.18] AndroidManifest.xml:15:134-196
activity#com.amazonaws.mobile.auth.userpools.SignUpConfirmActivity
ADDED from [com.amazonaws:aws-android-sdk-auth-userpools:2.6.18] AndroidManifest.xml:18:10-19:21
	android:screenOrientation
		ADDED from [com.amazonaws:aws-android-sdk-auth-userpools:2.6.18] AndroidManifest.xml:18:219-255
	android:label
		ADDED from [com.amazonaws:aws-android-sdk-auth-userpools:2.6.18] AndroidManifest.xml:18:91-145
	android:configChanges
		ADDED from [com.amazonaws:aws-android-sdk-auth-userpools:2.6.18] AndroidManifest.xml:18:20-90
	android:name
		ADDED from [com.amazonaws:aws-android-sdk-auth-userpools:2.6.18] AndroidManifest.xml:18:146-218
activity#com.amazonaws.mobile.auth.ui.SignInActivity
ADDED from [com.amazonaws:aws-android-sdk-auth-ui:2.6.18] AndroidManifest.xml:8:9-234
	android:screenOrientation
		ADDED from [com.amazonaws:aws-android-sdk-auth-ui:2.6.18] AndroidManifest.xml:8:196-232
	android:label
		ADDED from [com.amazonaws:aws-android-sdk-auth-ui:2.6.18] AndroidManifest.xml:8:90-136
	android:configChanges
		ADDED from [com.amazonaws:aws-android-sdk-auth-ui:2.6.18] AndroidManifest.xml:8:19-89
	android:name
		ADDED from [com.amazonaws:aws-android-sdk-auth-ui:2.6.18] AndroidManifest.xml:8:137-195
meta-data#android.support.VERSION
ADDED from [com.android.support:design:26.1.0] AndroidManifest.xml:26:9-28:38
MERGED from [com.android.support:transition:26.1.0] AndroidManifest.xml:23:9-25:38
MERGED from [com.android.support:transition:26.1.0] AndroidManifest.xml:23:9-25:38
MERGED from [com.android.support:appcompat-v7:26.1.0] AndroidManifest.xml:26:9-28:38
MERGED from [com.android.support:appcompat-v7:26.1.0] AndroidManifest.xml:26:9-28:38
MERGED from [com.android.support:support-v4:26.1.0] AndroidManifest.xml:26:9-28:38
MERGED from [com.android.support:support-v4:26.1.0] AndroidManifest.xml:26:9-28:38
MERGED from [com.android.support:recyclerview-v7:26.1.0] AndroidManifest.xml:23:9-25:38
MERGED from [com.android.support:recyclerview-v7:26.1.0] AndroidManifest.xml:23:9-25:38
MERGED from [com.android.support:animated-vector-drawable:26.1.0] AndroidManifest.xml:23:9-25:38
MERGED from [com.android.support:animated-vector-drawable:26.1.0] AndroidManifest.xml:23:9-25:38
MERGED from [com.android.support:support-fragment:26.1.0] AndroidManifest.xml:26:9-28:38
MERGED from [com.android.support:support-fragment:26.1.0] AndroidManifest.xml:26:9-28:38
MERGED from [com.android.support:support-core-ui:26.1.0] AndroidManifest.xml:26:9-28:38
MERGED from [com.android.support:support-core-ui:26.1.0] AndroidManifest.xml:26:9-28:38
MERGED from [com.android.support:support-vector-drawable:26.1.0] AndroidManifest.xml:23:9-25:38
MERGED from [com.android.support:support-vector-drawable:26.1.0] AndroidManifest.xml:23:9-25:38
MERGED from [com.android.support:support-media-compat:26.1.0] AndroidManifest.xml:26:9-28:38
MERGED from [com.android.support:support-media-compat:26.1.0] AndroidManifest.xml:26:9-28:38
MERGED from [com.android.support:support-core-utils:26.1.0] AndroidManifest.xml:26:9-28:38
MERGED from [com.android.support:support-core-utils:26.1.0] AndroidManifest.xml:26:9-28:38
MERGED from [com.android.support:support-compat:26.1.0] AndroidManifest.xml:26:9-28:38
MERGED from [com.android.support:support-compat:26.1.0] AndroidManifest.xml:26:9-28:38
	android:value
		ADDED from [com.android.support:design:26.1.0] AndroidManifest.xml:28:13-35
	android:name
		ADDED from [com.android.support:design:26.1.0] AndroidManifest.xml:27:13-51
meta-data#android.arch.lifecycle.VERSION
ADDED from [android.arch.lifecycle:runtime:1.0.0] AndroidManifest.xml:25:9-27:47
	android:value
		ADDED from [android.arch.lifecycle:runtime:1.0.0] AndroidManifest.xml:27:13-44
	android:name
		ADDED from [android.arch.lifecycle:runtime:1.0.0] AndroidManifest.xml:26:13-58